2025-09-19 09:38:07 [ERROR] Error: /Users/mac/to-do app/views/login.ejs:1
 >> 1| <%- include('layouts/main') %>
    2| 
    3| <div class="row justify-content-center">
    4|     <div class="col-md-6">

/Users/mac/to-do app/views/layouts/main.ejs:28
    26|         <% } %>
    27|         
 >> 28|         <%- body %>
    29|     </main>
    30| 
    31|     <script src="https://cdn.jsdelivr.net/npm/bootstrap@5.3.0/dist/js/bootstrap.bundle.min.js"></script>

body is not defined - URL: /login - Method: GET
2025-09-19 10:01:25 [ERROR] Error: /Users/mac/to-do app/views/login.ejs:11
    9| </head>
    10| <body>
 >> 11|     <%- include('../partials/header') %>
    12|     
    13|     <main class="container mt-4">
    14|         <% if (locals.success && success.length > 0) { %>

Could not find the include file "../partials/header" - URL: /login - Method: GET
2025-09-19 10:10:42 [ERROR] Error: Failed to lookup view "404" in views directory "/Users/mac/to-do app/views" - URL: /favicon.ico - Method: GET
2025-09-19 10:11:53 [ERROR] Error: /Users/mac/to-do app/views/register.ejs:1
 >> 1| <%- include('layouts/main') %>
    2| 
    3| <div class="row justify-content-center">
    4|     <div class="col-md-6">

/Users/mac/to-do app/views/layouts/main.ejs:28
    26|         <% } %>
    27|         
 >> 28|         <%- body %>
    29|     </main>
    30| 
    31|     <script src="https://cdn.jsdelivr.net/npm/bootstrap@5.3.0/dist/js/bootstrap.bundle.min.js"></script>

body is not defined - URL: /register - Method: GET
2025-09-19 11:02:31 [ERROR] Error: /Users/mac/to-do app/views/register.ejs:1
 >> 1| <%- include('./layouts/main') %>
    2| 
    3| <div class="row justify-content-center">
    4|     <div class="col-md-6">

/Users/mac/to-do app/views/layouts/main.ejs:28
    26|         <% } %>
    27|         
 >> 28|         <%- body %>
    29|     </main>
    30| 
    31|     <script src="https://cdn.jsdelivr.net/npm/bootstrap@5.3.0/dist/js/bootstrap.bundle.min.js"></script>

body is not defined - URL: /register - Method: GET
2025-09-19 11:02:39 [ERROR] Error: /Users/mac/to-do app/views/register.ejs:1
 >> 1| <%- include('../layouts/main') %>
    2| 
    3| <div class="row justify-content-center">
    4|     <div class="col-md-6">

Could not find the include file "../layouts/main" - URL: /register - Method: GET
2025-09-19 11:05:20 [ERROR] Error: /Users/mac/to-do app/views/register.ejs:11
    9| </head>
    10| <body>
 >> 11|     <%- include('../partials/header') %>
    12|     
    13|     <main class="container mt-4">
    14|         <% if (locals.success && success.length > 0) { %>

Could not find the include file "../partials/header" - URL: /register - Method: GET
2025-09-19 11:05:32 [ERROR] Error: Failed to lookup view "404" in views directory "/Users/mac/to-do app/views" - URL: /favicon.ico - Method: GET
2025-09-19 11:05:33 [ERROR] Error: /Users/mac/to-do app/views/register.ejs:11
    9| </head>
    10| <body>
 >> 11|     <%- include('../partials/header') %>
    12|     
    13|     <main class="container mt-4">
    14|         <% if (locals.success && success.length > 0) { %>

Could not find the include file "../partials/header" - URL: /register - Method: GET
2025-09-19 11:06:31 [ERROR] Error: Failed to lookup view "404" in views directory "/Users/mac/to-do app/views" - URL: /favicon.ico - Method: GET
2025-09-19 11:06:44 [ERROR] Error: Failed to lookup view "404" in views directory "/Users/mac/to-do app/views" - URL: /favicon.ico - Method: GET
2025-09-19 11:06:51 [ERROR] Error: /Users/mac/to-do app/views/index.ejs:1
 >> 1| <%- include('layouts/main') %>
    2| 
    3| <% if (user) { %>
    4|     <div class="d-flex justify-content-between align-items-center mb-4">

/Users/mac/to-do app/views/layouts/main.ejs:28
    26|         <% } %>
    27|         
 >> 28|         <%- body %>
    29|     </main>
    30| 
    31|     <script src="https://cdn.jsdelivr.net/npm/bootstrap@5.3.0/dist/js/bootstrap.bundle.min.js"></script>

body is not defined - URL: /tasks - Method: GET
2025-09-19 11:08:45 [ERROR] Error: /Users/mac/to-do app/views/index.ejs:1
 >> 1| <%- include('./layouts/main') %>
    2| 
    3| <% if (user) { %>
    4|     <div class="d-flex justify-content-between align-items-center mb-4">

/Users/mac/to-do app/views/layouts/main.ejs:28
    26|         <% } %>
    27|         
 >> 28|         <%- body %>
    29|     </main>
    30| 
    31|     <script src="https://cdn.jsdelivr.net/npm/bootstrap@5.3.0/dist/js/bootstrap.bundle.min.js"></script>

body is not defined - URL: /tasks - Method: GET
2025-09-19 11:27:19 [ERROR] Error: /Users/mac/to-do app/views/index.ejs:11
    9| </head>
    10| <body>
 >> 11|     <%- include('../partials/header') %>
    12|     
    13|     <main class="container mt-4">
    14|         <% if (locals.success && success.length > 0) { %>

Could not find the include file "../partials/header" - URL: /tasks - Method: GET
2025-09-19 11:27:25 [ERROR] Error: /Users/mac/to-do app/views/index.ejs:11
    9| </head>
    10| <body>
 >> 11|     <%- include('../partials/header') %>
    12|     
    13|     <main class="container mt-4">
    14|         <% if (locals.success && success.length > 0) { %>

Could not find the include file "../partials/header" - URL: /tasks - Method: GET
2025-09-19 11:27:31 [ERROR] Error: /Users/mac/to-do app/views/index.ejs:11
    9| </head>
    10| <body>
 >> 11|     <%- include('../partials/header') %>
    12|     
    13|     <main class="container mt-4">
    14|         <% if (locals.success && success.length > 0) { %>

Could not find the include file "../partials/header" - URL: /tasks - Method: GET
2025-09-19 11:34:53 [ERROR] Error: /Users/mac/to-do app/views/index.ejs:11
    9| </head>
    10| <body>
 >> 11|     <%- include('../partials/header') %>
    12|     
    13|     <main class="container mt-4">
    14|         <% if (locals.success && success.length > 0) { %>

Could not find the include file "../partials/header" - URL: /tasks - Method: GET
2025-09-19 11:34:58 [ERROR] Error: /Users/mac/to-do app/views/index.ejs:11
    9| </head>
    10| <body>
 >> 11|     <%- include('../partials/header') %>
    12|     
    13|     <main class="container mt-4">
    14|         <% if (locals.success && success.length > 0) { %>

Could not find the include file "../partials/header" - URL: /tasks - Method: GET
2025-09-19 11:35:18 [ERROR] Error: Failed to lookup view "404" in views directory "/Users/mac/to-do app/views" - URL: /favicon.ico - Method: GET
2025-09-19 11:35:22 [ERROR] Error: Failed to lookup view "404" in views directory "/Users/mac/to-do app/views" - URL: /favicon.ico - Method: GET
2025-09-19 11:35:24 [ERROR] Error: Failed to lookup view "404" in views directory "/Users/mac/to-do app/views" - URL: /favicon.ico - Method: GET
2025-09-19 11:35:25 [ERROR] Error: Failed to lookup view "404" in views directory "/Users/mac/to-do app/views" - URL: /favicon.ico - Method: GET
2025-09-19 11:35:26 [ERROR] Error: Failed to lookup view "404" in views directory "/Users/mac/to-do app/views" - URL: /favicon.ico - Method: GET
2025-09-19 11:35:27 [ERROR] Error: Failed to lookup view "createTask" in views directory "/Users/mac/to-do app/views" - URL: /tasks/create - Method: GET
2025-09-19 11:56:54 [ERROR] Error: Failed to lookup view "createTask" in views directory "/Users/mac/to-do app/views" - URL: /tasks/create - Method: GET
